   _____ _                 _                 
  / ____| |               | |                
 | |    | | ___  __ _ _ __| |     ___   __ _ 
 | |    | |/ _ \/ _' | '__| |    / _ \ / _' |
 | |____| |  __/ (_| | |  | |___| (_) | (_| |
  \_____|_|\___|\__,_|_|  |______\___/ \__, |
                                        __/ |
                                       |___/
<21-06-2018 | 09:42:51> /home/ts3server/serverfiles/crontest/clearlog/ts3clearlog.log erstellt

16 Dateien gefunden.
Dateien duerfen max. 60 Sekunden alt sein.
Erlauben wir Logs? 1.
Erlauben wir das Bewegen von alten Logs? 0.
Erlauben wir das Loeschen von alten Logs? 0.

<21-06-2018 | 09:42:51> '/home/ts3server/serverfiles/crontest/ts3client_ldas' wurde gecleart, Datei 4 Tag(e) 17 Stunde(n) 43 Minute(n) und 44 Sekunde(n) alt.

<21-06-2018 | 09:42:51> '/home/ts3server/serverfiles/crontest/ts3client_ldasdsad' wurde gecleart, Datei 4 Tag(e) 17 Stunde(n) 43 Minute(n) und 44 Sekunde(n) alt.

<21-06-2018 | 09:42:51> '/home/ts3server/serverfiles/crontest/ts3client_lfff' wurde gecleart, Datei 4 Tag(e) 17 Stunde(n) 43 Minute(n) und 44 Sekunde(n) alt.

<21-06-2018 | 09:42:51> '/home/ts3server/serverfiles/crontest/ts3client_lfffret' wurde gecleart, Datei 4 Tag(e) 17 Stunde(n) 43 Minute(n) und 44 Sekunde(n) alt.

<21-06-2018 | 09:42:51> '/home/ts3server/serverfiles/crontest/ts3client_llllllllol' wurde gecleart, Datei 4 Tag(e) 17 Stunde(n) 43 Minute(n) und 44 Sekunde(n) alt.

<21-06-2018 | 09:42:51> '/home/ts3server/serverfiles/crontest/ts3client_lllllwdasdas' wurde gecleart, Datei 4 Tag(e) 17 Stunde(n) 43 Minute(n) und 44 Sekunde(n) alt.

<21-06-2018 | 09:42:51> '/home/ts3server/serverfiles/crontest/ts3client_lol' wurde gecleart, Datei 4 Tag(e) 17 Stunde(n) 43 Minute(n) und 44 Sekunde(n) alt.

<21-06-2018 | 09:42:51> '/home/ts3server/serverfiles/crontest/ts3client_lowqdsad' wurde gecleart, Datei 4 Tag(e) 17 Stunde(n) 43 Minute(n) und 44 Sekunde(n) alt.

<21-06-2018 | 09:42:51> '/home/ts3server/serverfiles/crontest/ts3client_refdsg' wurde gecleart, Datei 4 Tag(e) 17 Stunde(n) 43 Minute(n) und 44 Sekunde(n) alt.

<21-06-2018 | 09:42:51> '/home/ts3server/serverfiles/crontest/ts3client_refdsgdsgh' wurde gecleart, Datei 4 Tag(e) 17 Stunde(n) 43 Minute(n) und 44 Sekunde(n) alt.

<21-06-2018 | 09:42:51> '/home/ts3server/serverfiles/crontest/ts3client_te' wurde gecleart, Datei 4 Tag(e) 17 Stunde(n) 43 Minute(n) und 44 Sekunde(n) alt.

<21-06-2018 | 09:42:51> '/home/ts3server/serverfiles/crontest/ts3client_tere' wurde gecleart, Datei 4 Tag(e) 17 Stunde(n) 43 Minute(n) und 44 Sekunde(n) alt.

<21-06-2018 | 09:42:51> '/home/ts3server/serverfiles/crontest/ts3client_terew' wurde gecleart, Datei 4 Tag(e) 17 Stunde(n) 43 Minute(n) und 44 Sekunde(n) alt.

<21-06-2018 | 09:42:51> '/home/ts3server/serverfiles/crontest/ts3client_test' wurde gecleart, Datei 4 Tag(e) 17 Stunde(n) 43 Minute(n) und 44 Sekunde(n) alt.

<21-06-2018 | 09:42:51> '/home/ts3server/serverfiles/crontest/ts3client_xx' wurde gecleart, Datei 4 Tag(e) 17 Stunde(n) 43 Minute(n) und 44 Sekunde(n) alt.

<21-06-2018 | 09:42:51> '/home/ts3server/serverfiles/crontest/ts3client_xxx' wurde gecleart, Datei 4 Tag(e) 17 Stunde(n) 43 Minute(n) und 44 Sekunde(n) alt.

16 Dateien gefunden.
Dateien duerfen max. 60 Sekunden alt sein.
Erlauben wir Logs? 1.
Erlauben wir das Bewegen von alten Logs? 0.
Erlauben wir das Loeschen von alten Logs? 0.

<21-06-2018 | 09:49:07> '/home/ts3server/serverfiles/crontest/ts3client_ldas' wurde gecleart, Datei 6 Minute(n) und 16 Sekunde(n) alt.

<21-06-2018 | 09:49:07> '/home/ts3server/serverfiles/crontest/ts3client_ldasdsad' wurde gecleart, Datei 6 Minute(n) und 16 Sekunde(n) alt.

<21-06-2018 | 09:49:07> '/home/ts3server/serverfiles/crontest/ts3client_lfff' wurde gecleart, Datei 6 Minute(n) und 16 Sekunde(n) alt.

<21-06-2018 | 09:49:07> '/home/ts3server/serverfiles/crontest/ts3client_lfffret' wurde gecleart, Datei 6 Minute(n) und 16 Sekunde(n) alt.

<21-06-2018 | 09:49:07> '/home/ts3server/serverfiles/crontest/ts3client_llllllllol' gecheckt aber nicht verändert, Dateialter 1 Sekunde(n). - 1 Minute(n) und 0 Sekunde(n) ist das maximale Alter.

<21-06-2018 | 09:49:07> '/home/ts3server/serverfiles/crontest/ts3client_lllllwdasdas' wurde gecleart, Datei 6 Minute(n) und 16 Sekunde(n) alt.

<21-06-2018 | 09:49:07> '/home/ts3server/serverfiles/crontest/ts3client_lol' wurde gecleart, Datei 6 Minute(n) und 16 Sekunde(n) alt.

<21-06-2018 | 09:49:07> '/home/ts3server/serverfiles/crontest/ts3client_lowqdsad' wurde gecleart, Datei 6 Minute(n) und 16 Sekunde(n) alt.

<21-06-2018 | 09:49:07> '/home/ts3server/serverfiles/crontest/ts3client_refdsg' wurde gecleart, Datei 6 Minute(n) und 16 Sekunde(n) alt.

<21-06-2018 | 09:49:07> '/home/ts3server/serverfiles/crontest/ts3client_refdsgdsgh' wurde gecleart, Datei 6 Minute(n) und 16 Sekunde(n) alt.

<21-06-2018 | 09:49:07> '/home/ts3server/serverfiles/crontest/ts3client_te' wurde gecleart, Datei 6 Minute(n) und 16 Sekunde(n) alt.

<21-06-2018 | 09:49:07> '/home/ts3server/serverfiles/crontest/ts3client_tere' wurde gecleart, Datei 6 Minute(n) und 16 Sekunde(n) alt.

<21-06-2018 | 09:49:07> '/home/ts3server/serverfiles/crontest/ts3client_terew' wurde gecleart, Datei 6 Minute(n) und 16 Sekunde(n) alt.

<21-06-2018 | 09:49:07> '/home/ts3server/serverfiles/crontest/ts3client_test' wurde gecleart, Datei 6 Minute(n) und 16 Sekunde(n) alt.

<21-06-2018 | 09:49:07> '/home/ts3server/serverfiles/crontest/ts3client_xx' wurde gecleart, Datei 6 Minute(n) und 16 Sekunde(n) alt.

<21-06-2018 | 09:49:07> '/home/ts3server/serverfiles/crontest/ts3client_xxx' wurde gecleart, Datei 6 Minute(n) und 16 Sekunde(n) alt.
